<?xml version="1.0" encoding="UTF-8"?>
<!-- Generated by org.testng.reporters.JUnitReportReporter -->
<testsuite hostname="DESKTOP-E1ACFLI" failures="0" tests="4" name="com.magentotest.testcases.CheckOutPageTest" time="72.285" errors="0" timestamp="2022-11-14T23:43:48 GMT" skipped="0">
  <testcase classname="com.magentotest.testcases.CheckOutPageTest" name="verifyCartTotal" time="30.237"/>
  <system-out/>
  <testcase classname="com.magentotest.testcases.CheckOutPageTest" name="verifyQuantityUpdate" time="5.958"/>
  <system-out/>
  <testcase classname="com.magentotest.testcases.CheckOutPageTest" name="addToCart" time="30.297"/>
  <system-out/>
  <testcase classname="com.magentotest.testcases.CheckOutPageTest" name="verifyUpdatedCartTotal" time="5.793"/>
  <system-out/>
</testsuite> <!-- com.magentotest.testcases.CheckOutPageTest -->
