<?xml version="1.0" encoding="UTF-8"?>
<!-- Generated by org.testng.reporters.JUnitReportReporter -->
<testsuite hostname="DESKTOP-E1ACFLI" failures="0" tests="1" name="com.magentotest.testcases.LoginPageTest" time="6.529" errors="0" timestamp="2022-11-14T17:26:25 GMT" skipped="0">
  <testcase classname="com.magentotest.testcases.LoginPageTest" name="loginTest" time="6.529"/>
  <system-out/>
</testsuite> <!-- com.magentotest.testcases.LoginPageTest -->
