<?xml version="1.0" encoding="UTF-8"?>
<!-- Generated by org.testng.reporters.JUnitReportReporter -->
<testsuite hostname="DESKTOP-E1ACFLI" failures="0" tests="4" name="com.magentotest.testcases.CheckOutPageTest" time="76.169" errors="0" timestamp="2022-11-15T15:12:08 GMT" skipped="0">
  <testcase classname="com.magentotest.testcases.CheckOutPageTest" name="verifyCartTotal" time="31.733"/>
  <system-out/>
  <testcase classname="com.magentotest.testcases.CheckOutPageTest" name="verifyQuantityUpdate" time="6.209"/>
  <system-out/>
  <testcase classname="com.magentotest.testcases.CheckOutPageTest" name="addToCart" time="32.585"/>
  <system-out/>
  <testcase classname="com.magentotest.testcases.CheckOutPageTest" name="verifyUpdatedCartTotal" time="5.642"/>
  <system-out/>
</testsuite> <!-- com.magentotest.testcases.CheckOutPageTest -->
