<?xml version="1.0" encoding="UTF-8"?>
<!-- Generated by org.testng.reporters.JUnitReportReporter -->
<testsuite hostname="DESKTOP-E1ACFLI" failures="0" tests="1" name="com.magentotest.testcases.OrderPageTest" time="42.679" errors="0" timestamp="2022-11-15T15:07:17 GMT" skipped="0">
  <testcase classname="com.magentotest.testcases.OrderPageTest" name="verifyCountry" time="42.679"/>
  <system-out/>
</testsuite> <!-- com.magentotest.testcases.OrderPageTest -->
