<?xml version="1.0" encoding="UTF-8"?>
<!-- Generated by org.testng.reporters.JUnitReportReporter -->
<testsuite hostname="DESKTOP-E1ACFLI" failures="0" tests="4" name="com.magentotest.testcases.CheckOutPageTest" time="74.462" errors="0" timestamp="2022-11-14T18:36:18 GMT" skipped="0">
  <testcase classname="com.magentotest.testcases.CheckOutPageTest" name="verifyCartTotal" time="31.707"/>
  <system-out/>
  <testcase classname="com.magentotest.testcases.CheckOutPageTest" name="verifyQuantityUpdate" time="6.016"/>
  <system-out/>
  <testcase classname="com.magentotest.testcases.CheckOutPageTest" name="addToCart" time="31.659"/>
  <system-out/>
  <testcase classname="com.magentotest.testcases.CheckOutPageTest" name="verifyUpdatedCartTotal" time="5.080"/>
  <system-out/>
</testsuite> <!-- com.magentotest.testcases.CheckOutPageTest -->
