<?xml version="1.0" encoding="UTF-8"?>
<!-- Generated by org.testng.reporters.JUnitReportReporter -->
<testsuite hostname="DESKTOP-E1ACFLI" failures="0" tests="1" name="com.magentotest.testcases.AddToCartPageTest" time="20.446" errors="0" timestamp="2022-11-14T23:43:48 GMT" skipped="0">
  <testcase classname="com.magentotest.testcases.AddToCartPageTest" name="AddCartPageTest" time="20.446"/>
  <system-out/>
</testsuite> <!-- com.magentotest.testcases.AddToCartPageTest -->
