<?xml version="1.0" encoding="UTF-8"?>
<!-- Generated by org.testng.reporters.JUnitReportReporter -->
<testsuite hostname="DESKTOP-E1ACFLI" failures="0" tests="1" name="com.magentotest.testcases.OrderPageTest" time="38.339" errors="0" timestamp="2022-11-15T00:20:22 GMT" skipped="0">
  <testcase classname="com.magentotest.testcases.OrderPageTest" name="verifyCountry" time="38.339"/>
  <system-out/>
</testsuite> <!-- com.magentotest.testcases.OrderPageTest -->
